# JRE version: 7.0_10-b18
# Java VM: Java HotSpot(TM) 64-Bit Server VM (23.6-b04 mixed mode windows-amd64 compressed oops)
Heap
 PSYoungGen      total 316928K, used 45335K [0x00000000e0960000, 0x00000000f6380000, 0x0000000100000000)
  eden space 290240K, 11% used [0x00000000e0960000,0x00000000e28e69b8,0x00000000f24d0000)
  from space 26688K, 48% used [0x00000000f24d0000,0x00000000f318f2d0,0x00000000f3ee0000)
  to   space 26496K, 0% used [0x00000000f49a0000,0x00000000f49a0000,0x00000000f6380000)
 ParOldGen       total 74112K, used 21081K [0x00000000a1c00000, 0x00000000a6460000, 0x00000000e0960000)
  object space 74112K, 28% used [0x00000000a1c00000,0x00000000a30966a0,0x00000000a6460000)
 PSPermGen       total 25920K, used 11779K [0x000000009ca00000, 0x000000009e350000, 0x00000000a1c00000)
  object space 25920K, 45% used [0x000000009ca00000,0x000000009d580d90,0x000000009e350000)
GC Heap History (10 events):
Event: 8.512 GC heap before
{Heap before GC invocations=23 (full 2):
 PSYoungGen      total 285568K, used 277571K [0x00000000e0960000, 0x00000000f3da0000, 0x0000000100000000)
  eden space 257920K, 99% used [0x00000000e0960000,0x00000000f04d9a60,0x00000000f0540000)
  from space 27648K, 72% used [0x00000000f22a0000,0x00000000f3637300,0x00000000f3da0000)
  to   space 28864K, 0% used [0x00000000f0540000,0x00000000f0540000,0x00000000f2170000)
 ParOldGen       total 74112K, used 14129K [0x00000000a1c00000, 0x00000000a6460000, 0x00000000e0960000)
  object space 74112K, 19% used [0x00000000a1c00000,0x00000000a29cc670,0x00000000a6460000)
 PSPermGen       total 25920K, used 11762K [0x000000009ca00000, 0x000000009e350000, 0x00000000a1c00000)
  object space 25920K, 45% used [0x000000009ca00000,0x000000009d57cbd8,0x000000009e350000)
Event: 8.515 GC heap after
Heap after GC invocations=23 (full 2):
 PSYoungGen      total 286784K, used 10716K [0x00000000e0960000, 0x00000000f4f30000, 0x0000000100000000)
  eden space 257920K, 0% used [0x00000000e0960000,0x00000000e0960000,0x00000000f0540000)
  from space 28864K, 37% used [0x00000000f0540000,0x00000000f0fb72c0,0x00000000f2170000)
  to   space 29184K, 0% used [0x00000000f32b0000,0x00000000f32b0000,0x00000000f4f30000)
 ParOldGen       total 74112K, used 21057K [0x00000000a1c00000, 0x00000000a6460000, 0x00000000e0960000)
  object space 74112K, 28% used [0x00000000a1c00000,0x00000000a30906a0,0x00000000a6460000)
 PSPermGen       total 25920K, used 11762K [0x000000009ca00000, 0x000000009e350000, 0x00000000a1c00000)
  object space 25920K, 45% used [0x000000009ca00000,0x000000009d57cbd8,0x000000009e350000)
}
Event: 8.788 GC heap before
{Heap before GC invocations=24 (full 2):
 PSYoungGen      total 286784K, used 267659K [0x00000000e0960000, 0x00000000f4f30000, 0x0000000100000000)
  eden space 257920K, 99% used [0x00000000e0960000,0x00000000f044bbc0,0x00000000f0540000)
  from space 28864K, 37% used [0x00000000f0540000,0x00000000f0fb72c0,0x00000000f2170000)
  to   space 29184K, 0% used [0x00000000f32b0000,0x00000000f32b0000,0x00000000f4f30000)
 ParOldGen       total 74112K, used 21057K [0x00000000a1c00000, 0x00000000a6460000, 0x00000000e0960000)
  object space 74112K, 28% used [0x00000000a1c00000,0x00000000a30906a0,0x00000000a6460000)
 PSPermGen       total 25920K, used 11764K [0x000000009ca00000, 0x000000009e350000, 0x00000000a1c00000)
  object space 25920K, 45% used [0x000000009ca00000,0x000000009d57d3f0,0x000000009e350000)
Event: 8.791 GC heap after
Heap after GC invocations=24 (full 2):
 PSYoungGen      total 301888K, used 14393K [0x00000000e0960000, 0x00000000f4d60000, 0x0000000100000000)
  eden space 274560K, 0% used [0x00000000e0960000,0x00000000e0960000,0x00000000f1580000)
  from space 27328K, 52% used [0x00000000f32b0000,0x00000000f40be550,0x00000000f4d60000)
  to   space 28608K, 0% used [0x00000000f1580000,0x00000000f1580000,0x00000000f3170000)
 ParOldGen       total 74112K, used 21065K [0x00000000a1c00000, 0x00000000a6460000, 0x00000000e0960000)
  object space 74112K, 28% used [0x00000000a1c00000,0x00000000a30926a0,0x00000000a6460000)
 PSPermGen       total 25920K, used 11764K [0x000000009ca00000, 0x000000009e350000, 0x00000000a1c00000)
  object space 25920K, 45% used [0x000000009ca00000,0x000000009d57d3f0,0x000000009e350000)
}
Event: 9.275 GC heap before
{Heap before GC invocations=25 (full 2):
 PSYoungGen      total 301888K, used 287200K [0x00000000e0960000, 0x00000000f4d60000, 0x0000000100000000)
  eden space 274560K, 99% used [0x00000000e0960000,0x00000000f13c9b38,0x00000000f1580000)
  from space 27328K, 52% used [0x00000000f32b0000,0x00000000f40be550,0x00000000f4d60000)
  to   space 28608K, 0% used [0x00000000f1580000,0x00000000f1580000,0x00000000f3170000)
 ParOldGen       total 74112K, used 21065K [0x00000000a1c00000, 0x00000000a6460000, 0x00000000e0960000)
  object space 74112K, 28% used [0x00000000a1c00000,0x00000000a30926a0,0x00000000a6460000)
 PSPermGen       total 25920K, used 11769K [0x000000009ca00000, 0x000000009e350000, 0x00000000a1c00000)
  object space 25920K, 45% used [0x000000009ca00000,0x000000009d57e650,0x000000009e350000)
Event: 9.277 GC heap after
Heap after GC invocations=25 (full 2):
 PSYoungGen      total 303168K, used 17724K [0x00000000e0960000, 0x00000000f5a60000, 0x0000000100000000)
  eden space 274560K, 0% used [0x00000000e0960000,0x00000000e0960000,0x00000000f1580000)
  from space 28608K, 61% used [0x00000000f1580000,0x00000000f26cf2f0,0x00000000f3170000)
  to   space 27584K, 0% used [0x00000000f3f70000,0x00000000f3f70000,0x00000000f5a60000)
 ParOldGen       total 74112K, used 21073K [0x00000000a1c00000, 0x00000000a6460000, 0x00000000e0960000)
  object space 74112K, 28% used [0x00000000a1c00000,0x00000000a30946a0,0x00000000a6460000)
 PSPermGen       total 25920K, used 11769K [0x000000009ca00000, 0x000000009e350000, 0x00000000a1c00000)
  object space 25920K, 45% used [0x000000009ca00000,0x000000009d57e650,0x000000009e350000)
}
Event: 9.623 GC heap before
{Heap before GC invocations=26 (full 2):
 PSYoungGen      total 303168K, used 290281K [0x00000000e0960000, 0x00000000f5a60000, 0x0000000100000000)
  eden space 274560K, 99% used [0x00000000e0960000,0x00000000f138b2d0,0x00000000f1580000)
  from space 28608K, 61% used [0x00000000f1580000,0x00000000f26cf2f0,0x00000000f3170000)
  to   space 27584K, 0% used [0x00000000f3f70000,0x00000000f3f70000,0x00000000f5a60000)
 ParOldGen       total 74112K, used 21073K [0x00000000a1c00000, 0x00000000a6460000, 0x00000000e0960000)
  object space 74112K, 28% used [0x00000000a1c00000,0x00000000a30946a0,0x00000000a6460000)
 PSPermGen       total 25920K, used 11769K [0x000000009ca00000, 0x000000009e350000, 0x00000000a1c00000)
  object space 25920K, 45% used [0x000000009ca00000,0x000000009d57e7d8,0x000000009e350000)
Event: 9.627 GC heap after
Heap after GC invocations=26 (full 2):
 PSYoungGen      total 316352K, used 17692K [0x00000000e0960000, 0x00000000f58f0000, 0x0000000100000000)
  eden space 290240K, 0% used [0x00000000e0960000,0x00000000e0960000,0x00000000f24d0000)
  from space 26112K, 67% used [0x00000000f3f70000,0x00000000f50b72f0,0x00000000f58f0000)
  to   space 26688K, 0% used [0x00000000f24d0000,0x00000000f24d0000,0x00000000f3ee0000)
 ParOldGen       total 74112K, used 21081K [0x00000000a1c00000, 0x00000000a6460000, 0x00000000e0960000)
  object space 74112K, 28% used [0x00000000a1c00000,0x00000000a30966a0,0x00000000a6460000)
 PSPermGen       total 25920K, used 11769K [0x000000009ca00000, 0x000000009e350000, 0x00000000a1c00000)
  object space 25920K, 45% used [0x000000009ca00000,0x000000009d57e7d8,0x000000009e350000)
}
Event: 9.973 GC heap before
{Heap before GC invocations=27 (full 2):
 PSYoungGen      total 316352K, used 305941K [0x00000000e0960000, 0x00000000f58f0000, 0x0000000100000000)
  eden space 290240K, 99% used [0x00000000e0960000,0x00000000f22de338,0x00000000f24d0000)
  from space 26112K, 67% used [0x00000000f3f70000,0x00000000f50b72f0,0x00000000f58f0000)
  to   space 26688K, 0% used [0x00000000f24d0000,0x00000000f24d0000,0x00000000f3ee0000)
 ParOldGen       total 74112K, used 21081K [0x00000000a1c00000, 0x00000000a6460000, 0x00000000e0960000)
  object space 74112K, 28% used [0x00000000a1c00000,0x00000000a30966a0,0x00000000a6460000)
 PSPermGen       total 25920K, used 11773K [0x000000009ca00000, 0x000000009e350000, 0x00000000a1c00000)
  object space 25920K, 45% used [0x000000009ca00000,0x000000009d57f548,0x000000009e350000)
Event: 9.975 GC heap after
Heap after GC invocations=27 (full 2):
 PSYoungGen      total 316928K, used 13052K [0x00000000e0960000, 0x00000000f6380000, 0x0000000100000000)
  eden space 290240K, 0% used [0x00000000e0960000,0x00000000e0960000,0x00000000f24d0000)
  from space 26688K, 48% used [0x00000000f24d0000,0x00000000f318f2d0,0x00000000f3ee0000)
  to   space 26496K, 0% used [0x00000000f49a0000,0x00000000f49a0000,0x00000000f6380000)
 ParOldGen       total 74112K, used 21081K [0x00000000a1c00000, 0x00000000a6460000, 0x00000000e0960000)
  object space 74112K, 28% used [0x00000000a1c00000,0x00000000a30966a0,0x00000000a6460000)
 PSPermGen       total 25920K, used 11773K [0x000000009ca00000, 0x000000009e350000, 0x00000000a1c00000)
  object space 25920K, 45% used [0x000000009ca00000,0x000000009d57f548,0x000000009e350000)
}

