# JRE version: 7.0_10-b18
# Java VM: Java HotSpot(TM) 64-Bit Server VM (23.6-b04 mixed mode windows-amd64 compressed oops)
Heap
 PSYoungGen      total 221504K, used 164068K [0x00000000e0960000, 0x00000000f0530000, 0x0000000100000000)
  eden space 191232K, 72% used [0x00000000e0960000,0x00000000e9191d48,0x00000000ec420000)
  from space 30272K, 81% used [0x00000000ee330000,0x00000000efb37320,0x00000000f00c0000)
  to   space 31808K, 0% used [0x00000000ec420000,0x00000000ec420000,0x00000000ee330000)
 ParOldGen       total 73728K, used 14090K [0x00000000a1c00000, 0x00000000a6400000, 0x00000000e0960000)
  object space 73728K, 19% used [0x00000000a1c00000,0x00000000a29c29e0,0x00000000a6400000)
 PSPermGen       total 25856K, used 11631K [0x000000009ca00000, 0x000000009e340000, 0x00000000a1c00000)
  object space 25856K, 44% used [0x000000009ca00000,0x000000009d55bec0,0x000000009e340000)
GC Heap History (10 events):
Event: 3.270 GC heap before
{Heap before GC invocations=12 (full 2):
 PSYoungGen      total 143296K, used 122423K [0x00000000e0960000, 0x00000000ed030000, 0x0000000100000000)
  eden space 109760K, 98% used [0x00000000e0960000,0x00000000e733dc18,0x00000000e7490000)
  from space 33536K, 41% used [0x00000000e7490000,0x00000000e8240060,0x00000000e9550000)
  to   space 32192K, 0% used [0x00000000eb0c0000,0x00000000eb0c0000,0x00000000ed030000)
 ParOldGen       total 73728K, used 14090K [0x00000000a1c00000, 0x00000000a6400000, 0x00000000e0960000)
  object space 73728K, 19% used [0x00000000a1c00000,0x00000000a29c29e0,0x00000000a6400000)
 PSPermGen       total 25856K, used 11242K [0x000000009ca00000, 0x000000009e340000, 0x00000000a1c00000)
  object space 25856K, 43% used [0x000000009ca00000,0x000000009d4faa60,0x000000009e340000)
Event: 3.274 GC heap after
Heap after GC invocations=12 (full 2):
 PSYoungGen      total 163072K, used 16288K [0x00000000e0960000, 0x00000000eca90000, 0x0000000100000000)
  eden space 136640K, 0% used [0x00000000e0960000,0x00000000e0960000,0x00000000e8ed0000)
  from space 26432K, 61% used [0x00000000eb0c0000,0x00000000ec0a8070,0x00000000eca90000)
  to   space 30592K, 0% used [0x00000000e8ed0000,0x00000000e8ed0000,0x00000000eacb0000)
 ParOldGen       total 73728K, used 14090K [0x00000000a1c00000, 0x00000000a6400000, 0x00000000e0960000)
  object space 73728K, 19% used [0x00000000a1c00000,0x00000000a29c29e0,0x00000000a6400000)
 PSPermGen       total 25856K, used 11242K [0x000000009ca00000, 0x000000009e340000, 0x00000000a1c00000)
  object space 25856K, 43% used [0x000000009ca00000,0x000000009d4faa60,0x000000009e340000)
}
Event: 4.085 GC heap before
{Heap before GC invocations=13 (full 2):
 PSYoungGen      total 163072K, used 152468K [0x00000000e0960000, 0x00000000eca90000, 0x0000000100000000)
  eden space 136640K, 99% used [0x00000000e0960000,0x00000000e8e5d1b0,0x00000000e8ed0000)
  from space 26432K, 61% used [0x00000000eb0c0000,0x00000000ec0a8070,0x00000000eca90000)
  to   space 30592K, 0% used [0x00000000e8ed0000,0x00000000e8ed0000,0x00000000eacb0000)
 ParOldGen       total 73728K, used 14090K [0x00000000a1c00000, 0x00000000a6400000, 0x00000000e0960000)
  object space 73728K, 19% used [0x00000000a1c00000,0x00000000a29c29e0,0x00000000a6400000)
 PSPermGen       total 25856K, used 11630K [0x000000009ca00000, 0x000000009e340000, 0x00000000a1c00000)
  object space 25856K, 44% used [0x000000009ca00000,0x000000009d55b9d8,0x000000009e340000)
Event: 4.087 GC heap after
Heap after GC invocations=13 (full 2):
 PSYoungGen      total 167232K, used 19964K [0x00000000e0960000, 0x00000000ee620000, 0x0000000100000000)
  eden space 136640K, 0% used [0x00000000e0960000,0x00000000e0960000,0x00000000e8ed0000)
  from space 30592K, 65% used [0x00000000e8ed0000,0x00000000ea24f300,0x00000000eacb0000)
  to   space 30528K, 0% used [0x00000000ec850000,0x00000000ec850000,0x00000000ee620000)
 ParOldGen       total 73728K, used 14090K [0x00000000a1c00000, 0x00000000a6400000, 0x00000000e0960000)
  object space 73728K, 19% used [0x00000000a1c00000,0x00000000a29c29e0,0x00000000a6400000)
 PSPermGen       total 25856K, used 11630K [0x000000009ca00000, 0x000000009e340000, 0x00000000a1c00000)
  object space 25856K, 44% used [0x000000009ca00000,0x000000009d55b9d8,0x000000009e340000)
}
Event: 4.243 GC heap before
{Heap before GC invocations=14 (full 2):
 PSYoungGen      total 167232K, used 156017K [0x00000000e0960000, 0x00000000ee620000, 0x0000000100000000)
  eden space 136640K, 99% used [0x00000000e0960000,0x00000000e8e3d4f0,0x00000000e8ed0000)
  from space 30592K, 65% used [0x00000000e8ed0000,0x00000000ea24f300,0x00000000eacb0000)
  to   space 30528K, 0% used [0x00000000ec850000,0x00000000ec850000,0x00000000ee620000)
 ParOldGen       total 73728K, used 14090K [0x00000000a1c00000, 0x00000000a6400000, 0x00000000e0960000)
  object space 73728K, 19% used [0x00000000a1c00000,0x00000000a29c29e0,0x00000000a6400000)
 PSPermGen       total 25856K, used 11630K [0x000000009ca00000, 0x000000009e340000, 0x00000000a1c00000)
  object space 25856K, 44% used [0x000000009ca00000,0x000000009d55bae8,0x000000009e340000)
Event: 4.247 GC heap after
Heap after GC invocations=14 (full 2):
 PSYoungGen      total 190528K, used 13020K [0x00000000e0960000, 0x00000000ee2f0000, 0x0000000100000000)
  eden space 163264K, 0% used [0x00000000e0960000,0x00000000e0960000,0x00000000ea8d0000)
  from space 27264K, 47% used [0x00000000ec850000,0x00000000ed5072d0,0x00000000ee2f0000)
  to   space 29760K, 0% used [0x00000000ea8d0000,0x00000000ea8d0000,0x00000000ec5e0000)
 ParOldGen       total 73728K, used 14090K [0x00000000a1c00000, 0x00000000a6400000, 0x00000000e0960000)
  object space 73728K, 19% used [0x00000000a1c00000,0x00000000a29c29e0,0x00000000a6400000)
 PSPermGen       total 25856K, used 11630K [0x000000009ca00000, 0x000000009e340000, 0x00000000a1c00000)
  object space 25856K, 44% used [0x000000009ca00000,0x000000009d55bae8,0x000000009e340000)
}
Event: 4.430 GC heap before
{Heap before GC invocations=15 (full 2):
 PSYoungGen      total 190528K, used 174342K [0x00000000e0960000, 0x00000000ee2f0000, 0x0000000100000000)
  eden space 163264K, 98% used [0x00000000e0960000,0x00000000ea6ea5d8,0x00000000ea8d0000)
  from space 27264K, 47% used [0x00000000ec850000,0x00000000ed5072d0,0x00000000ee2f0000)
  to   space 29760K, 0% used [0x00000000ea8d0000,0x00000000ea8d0000,0x00000000ec5e0000)
 ParOldGen       total 73728K, used 14090K [0x00000000a1c00000, 0x00000000a6400000, 0x00000000e0960000)
  object space 73728K, 19% used [0x00000000a1c00000,0x00000000a29c29e0,0x00000000a6400000)
 PSPermGen       total 25856K, used 11630K [0x000000009ca00000, 0x000000009e340000, 0x00000000a1c00000)
  object space 25856K, 44% used [0x000000009ca00000,0x000000009d55bbd8,0x000000009e340000)
Event: 4.433 GC heap after
Heap after GC invocations=15 (full 2):
 PSYoungGen      total 193024K, used 21369K [0x00000000e0960000, 0x00000000f00c0000, 0x0000000100000000)
  eden space 163264K, 0% used [0x00000000e0960000,0x00000000e0960000,0x00000000ea8d0000)
  from space 29760K, 71% used [0x00000000ea8d0000,0x00000000ebdae580,0x00000000ec5e0000)
  to   space 30272K, 0% used [0x00000000ee330000,0x00000000ee330000,0x00000000f00c0000)
 ParOldGen       total 73728K, used 14090K [0x00000000a1c00000, 0x00000000a6400000, 0x00000000e0960000)
  object space 73728K, 19% used [0x00000000a1c00000,0x00000000a29c29e0,0x00000000a6400000)
 PSPermGen       total 25856K, used 11630K [0x000000009ca00000, 0x000000009e340000, 0x00000000a1c00000)
  object space 25856K, 44% used [0x000000009ca00000,0x000000009d55bbd8,0x000000009e340000)
}
Event: 4.619 GC heap before
{Heap before GC invocations=16 (full 2):
 PSYoungGen      total 193024K, used 184227K [0x00000000e0960000, 0x00000000f00c0000, 0x0000000100000000)
  eden space 163264K, 99% used [0x00000000e0960000,0x00000000ea86a908,0x00000000ea8d0000)
  from space 29760K, 71% used [0x00000000ea8d0000,0x00000000ebdae580,0x00000000ec5e0000)
  to   space 30272K, 0% used [0x00000000ee330000,0x00000000ee330000,0x00000000f00c0000)
 ParOldGen       total 73728K, used 14090K [0x00000000a1c00000, 0x00000000a6400000, 0x00000000e0960000)
  object space 73728K, 19% used [0x00000000a1c00000,0x00000000a29c29e0,0x00000000a6400000)
 PSPermGen       total 25856K, used 11630K [0x000000009ca00000, 0x000000009e340000, 0x00000000a1c00000)
  object space 25856K, 44% used [0x000000009ca00000,0x000000009d55bbd8,0x000000009e340000)
Event: 4.627 GC heap after
Heap after GC invocations=16 (full 2):
 PSYoungGen      total 221504K, used 24604K [0x00000000e0960000, 0x00000000f0530000, 0x0000000100000000)
  eden space 191232K, 0% used [0x00000000e0960000,0x00000000e0960000,0x00000000ec420000)
  from space 30272K, 81% used [0x00000000ee330000,0x00000000efb37320,0x00000000f00c0000)
  to   space 31808K, 0% used [0x00000000ec420000,0x00000000ec420000,0x00000000ee330000)
 ParOldGen       total 73728K, used 14090K [0x00000000a1c00000, 0x00000000a6400000, 0x00000000e0960000)
  object space 73728K, 19% used [0x00000000a1c00000,0x00000000a29c29e0,0x00000000a6400000)
 PSPermGen       total 25856K, used 11630K [0x000000009ca00000, 0x000000009e340000, 0x00000000a1c00000)
  object space 25856K, 44% used [0x000000009ca00000,0x000000009d55bbd8,0x000000009e340000)
}

