# JRE version: 7.0_10-b18
# Java VM: Java HotSpot(TM) 64-Bit Server VM (23.6-b04 mixed mode windows-amd64 compressed oops)
Heap
 PSYoungGen      total 304832K, used 36825K [0x00000000e0960000, 0x00000000f6400000, 0x0000000100000000)
  eden space 273536K, 8% used [0x00000000e0960000,0x00000000e1fae770,0x00000000f1480000)
  from space 31296K, 44% used [0x00000000f1480000,0x00000000f2228060,0x00000000f3310000)
  to   space 30720K, 0% used [0x00000000f4600000,0x00000000f4600000,0x00000000f6400000)
 ParOldGen       total 77248K, used 16442K [0x00000000a1c00000, 0x00000000a6770000, 0x00000000e0960000)
  object space 77248K, 21% used [0x00000000a1c00000,0x00000000a2c0e978,0x00000000a6770000)
 PSPermGen       total 25600K, used 11732K [0x000000009ca00000, 0x000000009e300000, 0x00000000a1c00000)
  object space 25600K, 45% used [0x000000009ca00000,0x000000009d5753d8,0x000000009e300000)
GC Heap History (10 events):
Event: 7.569 GC heap before
{Heap before GC invocations=19 (full 2):
 PSYoungGen      total 264896K, used 256231K [0x00000000e0960000, 0x00000000f2ed0000, 0x0000000100000000)
  eden space 233280K, 99% used [0x00000000e0960000,0x00000000eecd1e78,0x00000000eed30000)
  from space 31616K, 73% used [0x00000000f0ff0000,0x00000000f26b80a0,0x00000000f2ed0000)
  to   space 33600K, 0% used [0x00000000eed30000,0x00000000eed30000,0x00000000f0e00000)
 ParOldGen       total 77248K, used 14122K [0x00000000a1c00000, 0x00000000a6770000, 0x00000000e0960000)
  object space 77248K, 18% used [0x00000000a1c00000,0x00000000a29ca968,0x00000000a6770000)
 PSPermGen       total 25600K, used 11363K [0x000000009ca00000, 0x000000009e300000, 0x00000000a1c00000)
  object space 25600K, 44% used [0x000000009ca00000,0x000000009d518d50,0x000000009e300000)
Event: 7.572 GC heap after
Heap after GC invocations=19 (full 2):
 PSYoungGen      total 266880K, used 18592K [0x00000000e0960000, 0x00000000f4250000, 0x0000000100000000)
  eden space 233280K, 0% used [0x00000000e0960000,0x00000000e0960000,0x00000000eed30000)
  from space 33600K, 55% used [0x00000000eed30000,0x00000000eff58080,0x00000000f0e00000)
  to   space 32448K, 0% used [0x00000000f22a0000,0x00000000f22a0000,0x00000000f4250000)
 ParOldGen       total 77248K, used 14122K [0x00000000a1c00000, 0x00000000a6770000, 0x00000000e0960000)
  object space 77248K, 18% used [0x00000000a1c00000,0x00000000a29ca968,0x00000000a6770000)
 PSPermGen       total 25600K, used 11363K [0x000000009ca00000, 0x000000009e300000, 0x00000000a1c00000)
  object space 25600K, 44% used [0x000000009ca00000,0x000000009d518d50,0x000000009e300000)
}
Event: 7.850 GC heap before
{Heap before GC invocations=20 (full 2):
 PSYoungGen      total 266880K, used 251766K [0x00000000e0960000, 0x00000000f4250000, 0x0000000100000000)
  eden space 233280K, 99% used [0x00000000e0960000,0x00000000eed15a30,0x00000000eed30000)
  from space 33600K, 55% used [0x00000000eed30000,0x00000000eff58080,0x00000000f0e00000)
  to   space 32448K, 0% used [0x00000000f22a0000,0x00000000f22a0000,0x00000000f4250000)
 ParOldGen       total 77248K, used 14122K [0x00000000a1c00000, 0x00000000a6770000, 0x00000000e0960000)
  object space 77248K, 18% used [0x00000000a1c00000,0x00000000a29ca968,0x00000000a6770000)
 PSPermGen       total 25600K, used 11368K [0x000000009ca00000, 0x000000009e300000, 0x00000000a1c00000)
  object space 25600K, 44% used [0x000000009ca00000,0x000000009d51a2c0,0x000000009e300000)
Event: 7.854 GC heap after
Heap after GC invocations=20 (full 2):
 PSYoungGen      total 283520K, used 18688K [0x00000000e0960000, 0x00000000f3f20000, 0x0000000100000000)
  eden space 254336K, 0% used [0x00000000e0960000,0x00000000e0960000,0x00000000f01c0000)
  from space 29184K, 64% used [0x00000000f22a0000,0x00000000f34e0080,0x00000000f3f20000)
  to   space 31424K, 0% used [0x00000000f01c0000,0x00000000f01c0000,0x00000000f2070000)
 ParOldGen       total 77248K, used 14122K [0x00000000a1c00000, 0x00000000a6770000, 0x00000000e0960000)
  object space 77248K, 18% used [0x00000000a1c00000,0x00000000a29ca968,0x00000000a6770000)
 PSPermGen       total 25600K, used 11368K [0x000000009ca00000, 0x000000009e300000, 0x00000000a1c00000)
  object space 25600K, 44% used [0x000000009ca00000,0x000000009d51a2c0,0x000000009e300000)
}
Event: 8.323 GC heap before
{Heap before GC invocations=21 (full 2):
 PSYoungGen      total 283520K, used 272549K [0x00000000e0960000, 0x00000000f3f20000, 0x0000000100000000)
  eden space 254336K, 99% used [0x00000000e0960000,0x00000000f01493d8,0x00000000f01c0000)
  from space 29184K, 64% used [0x00000000f22a0000,0x00000000f34e0080,0x00000000f3f20000)
  to   space 31424K, 0% used [0x00000000f01c0000,0x00000000f01c0000,0x00000000f2070000)
 ParOldGen       total 77248K, used 14122K [0x00000000a1c00000, 0x00000000a6770000, 0x00000000e0960000)
  object space 77248K, 18% used [0x00000000a1c00000,0x00000000a29ca968,0x00000000a6770000)
 PSPermGen       total 25600K, used 11371K [0x000000009ca00000, 0x000000009e300000, 0x00000000a1c00000)
  object space 25600K, 44% used [0x000000009ca00000,0x000000009d51ac18,0x000000009e300000)
Event: 8.326 GC heap after
Heap after GC invocations=21 (full 2):
 PSYoungGen      total 285760K, used 18688K [0x00000000e0960000, 0x00000000f50d0000, 0x0000000100000000)
  eden space 254336K, 0% used [0x00000000e0960000,0x00000000e0960000,0x00000000f01c0000)
  from space 31424K, 59% used [0x00000000f01c0000,0x00000000f1400080,0x00000000f2070000)
  to   space 30464K, 0% used [0x00000000f3310000,0x00000000f3310000,0x00000000f50d0000)
 ParOldGen       total 77248K, used 14122K [0x00000000a1c00000, 0x00000000a6770000, 0x00000000e0960000)
  object space 77248K, 18% used [0x00000000a1c00000,0x00000000a29ca968,0x00000000a6770000)
 PSPermGen       total 25600K, used 11371K [0x000000009ca00000, 0x000000009e300000, 0x00000000a1c00000)
  object space 25600K, 44% used [0x000000009ca00000,0x000000009d51ac18,0x000000009e300000)
}
Event: 8.629 GC heap before
{Heap before GC invocations=22 (full 2):
 PSYoungGen      total 285760K, used 272343K [0x00000000e0960000, 0x00000000f50d0000, 0x0000000100000000)
  eden space 254336K, 99% used [0x00000000e0960000,0x00000000f0115e90,0x00000000f01c0000)
  from space 31424K, 59% used [0x00000000f01c0000,0x00000000f1400080,0x00000000f2070000)
  to   space 30464K, 0% used [0x00000000f3310000,0x00000000f3310000,0x00000000f50d0000)
 ParOldGen       total 77248K, used 14122K [0x00000000a1c00000, 0x00000000a6770000, 0x00000000e0960000)
  object space 77248K, 18% used [0x00000000a1c00000,0x00000000a29ca968,0x00000000a6770000)
 PSPermGen       total 25600K, used 11371K [0x000000009ca00000, 0x000000009e300000, 0x00000000a1c00000)
  object space 25600K, 44% used [0x000000009ca00000,0x000000009d51ae68,0x000000009e300000)
Event: 8.635 GC heap after
Heap after GC invocations=22 (full 2):
 PSYoungGen      total 304000K, used 23296K [0x00000000e0960000, 0x00000000f5350000, 0x0000000100000000)
  eden space 273536K, 0% used [0x00000000e0960000,0x00000000e0960000,0x00000000f1480000)
  from space 30464K, 76% used [0x00000000f3310000,0x00000000f49d00a0,0x00000000f50d0000)
  to   space 31296K, 0% used [0x00000000f1480000,0x00000000f1480000,0x00000000f3310000)
 ParOldGen       total 77248K, used 14122K [0x00000000a1c00000, 0x00000000a6770000, 0x00000000e0960000)
  object space 77248K, 18% used [0x00000000a1c00000,0x00000000a29ca968,0x00000000a6770000)
 PSPermGen       total 25600K, used 11371K [0x000000009ca00000, 0x000000009e300000, 0x00000000a1c00000)
  object space 25600K, 44% used [0x000000009ca00000,0x000000009d51ae68,0x000000009e300000)
}
Event: 8.967 GC heap before
{Heap before GC invocations=23 (full 2):
 PSYoungGen      total 304000K, used 295400K [0x00000000e0960000, 0x00000000f5350000, 0x0000000100000000)
  eden space 273536K, 99% used [0x00000000e0960000,0x00000000f131a338,0x00000000f1480000)
  from space 30464K, 76% used [0x00000000f3310000,0x00000000f49d00a0,0x00000000f50d0000)
  to   space 31296K, 0% used [0x00000000f1480000,0x00000000f1480000,0x00000000f3310000)
 ParOldGen       total 77248K, used 14122K [0x00000000a1c00000, 0x00000000a6770000, 0x00000000e0960000)
  object space 77248K, 18% used [0x00000000a1c00000,0x00000000a29ca968,0x00000000a6770000)
 PSPermGen       total 25600K, used 11371K [0x000000009ca00000, 0x000000009e300000, 0x00000000a1c00000)
  object space 25600K, 44% used [0x000000009ca00000,0x000000009d51afd8,0x000000009e300000)
Event: 8.969 GC heap after
Heap after GC invocations=23 (full 2):
 PSYoungGen      total 304832K, used 13984K [0x00000000e0960000, 0x00000000f6400000, 0x0000000100000000)
  eden space 273536K, 0% used [0x00000000e0960000,0x00000000e0960000,0x00000000f1480000)
  from space 31296K, 44% used [0x00000000f1480000,0x00000000f2228060,0x00000000f3310000)
  to   space 30720K, 0% used [0x00000000f4600000,0x00000000f4600000,0x00000000f6400000)
 ParOldGen       total 77248K, used 16442K [0x00000000a1c00000, 0x00000000a6770000, 0x00000000e0960000)
  object space 77248K, 21% used [0x00000000a1c00000,0x00000000a2c0e978,0x00000000a6770000)
 PSPermGen       total 25600K, used 11371K [0x000000009ca00000, 0x000000009e300000, 0x00000000a1c00000)
  object space 25600K, 44% used [0x000000009ca00000,0x000000009d51afd8,0x000000009e300000)
}

